Vivado Simulator 2018.3
Time resolution is 1 ps
First test
No error detected in 11011101110001010010111001011111
Data out: 11011000101010111001011111
Input data 11011000101010111001011111
Encoded: 11011101110001010010111001011111
Test passed!
Second test
No error detected in 00010101010001010101111001011011
Data out: 11011000101101111001011011
Input data 11011000101101111001011011
Encoded: 00010101010001010101111001011011
Test passed!
Third test
No error detected in 11111101010100100101111001011011
Data out: 11011010010101111001011011
Input data 11011010010101111001011011
Encoded: 11111101010100100101111001011011
Test passed!
Fourth test
Single error detected on position: 6, in 11111111010100100101111001011011
Corrected: 11111101010100100101111001011011
Data out: 11111010010101111001011011
Fifth test
Double error detected in 11001101010100100101111001011011
Completed
$finish called at time : 22 ns : File "C:/Users/Joanna/Desktop/systemy dedykowane/projekt/hamming.srcs/sim_1/new/testbench.v" Line 61
