INFO: [VRFC 10-2263] Analyzing Verilog file "D:/ham/hamming.srcs/sources_1/new/decoder.v" into library xil_defaultlib
INFO: [VRFC 10-311] analyzing module decoder
INFO: [VRFC 10-2263] Analyzing Verilog file "D:/ham/hamming.srcs/sources_1/new/encoder.v" into library xil_defaultlib
INFO: [VRFC 10-311] analyzing module encoder
INFO: [VRFC 10-2263] Analyzing Verilog file "D:/ham/hamming.srcs/sources_1/new/encoder_rtl.v" into library xil_defaultlib
INFO: [VRFC 10-311] analyzing module encoder_rtl
INFO: [VRFC 10-2263] Analyzing Verilog file "D:/ham/hamming.srcs/sources_1/new/parity_rtl.v" into library xil_defaultlib
INFO: [VRFC 10-311] analyzing module parity_rtl
INFO: [VRFC 10-2263] Analyzing Verilog file "D:/ham/hamming.srcs/sources_1/new/parity_extra.v" into library xil_defaultlib
INFO: [VRFC 10-311] analyzing module parity_extra_rtl
INFO: [VRFC 10-2263] Analyzing Verilog file "D:/ham/hamming.srcs/sources_1/new/data_correction.v" into library xil_defaultlib
INFO: [VRFC 10-311] analyzing module data_correction_rtl
INFO: [VRFC 10-2263] Analyzing Verilog file "D:/ham/hamming.srcs/sources_1/new/decoder_rtl.v" into library xil_defaultlib
INFO: [VRFC 10-311] analyzing module decoder_rtl
INFO: [VRFC 10-2263] Analyzing Verilog file "D:/ham/hamming.srcs/sim_1/new/testbench.v" into library xil_defaultlib
INFO: [VRFC 10-311] analyzing module testbench
INFO: [VRFC 10-2263] Analyzing Verilog file "D:/ham/hamming.srcs/sim_1/new/parity_rtl_tb.v" into library xil_defaultlib
INFO: [VRFC 10-311] analyzing module parity_rtl_tb
INFO: [VRFC 10-2263] Analyzing SystemVerilog file "D:/ham/hamming.srcs/sim_1/new/parity_extra_rtl_tb.v" into library xil_defaultlib
INFO: [VRFC 10-311] analyzing module parity_extra_rtl_tb
INFO: [VRFC 10-2263] Analyzing SystemVerilog file "D:/ham/hamming.srcs/sim_1/new/encoder_rtl_tb.v" into library xil_defaultlib
INFO: [VRFC 10-311] analyzing module encoder_rtl_tb
INFO: [VRFC 10-2263] Analyzing Verilog file "D:/ham/hamming.srcs/sim_1/new/clk.v" into library xil_defaultlib
INFO: [VRFC 10-311] analyzing module clk
INFO: [VRFC 10-2263] Analyzing SystemVerilog file "D:/ham/hamming.srcs/sim_1/new/decoder_rtl_tb.v" into library xil_defaultlib
INFO: [VRFC 10-311] analyzing module decoder_rtl_tb
INFO: [VRFC 10-2263] Analyzing Verilog file "D:/ham/hamming.sim/sim_1/behav/xsim/glbl.v" into library xil_defaultlib
INFO: [VRFC 10-311] analyzing module glbl
